2021-05-16 19:37:40,339 INFO - [PID 25803] : Thread "MainThread" : File "/home/quangnd/Python/python-training/moviestore/app/program.py" : Method "moviestore.app.program.execute()", line 31 : Message "Started Application"
2021-05-16 19:37:42,370 INFO - [PID 25803] : Thread "MainThread" : File "/home/quangnd/Python/python-training/moviestore/helpers/customer_helper.py" : Method "moviestore.helpers.customer_helper.set_customer_values()", line 13 : Message "Helper class"
2021-05-16 19:37:44,742 ERROR - [PID 25803] : Thread "MainThread" : File "/home/quangnd/Python/python-training/moviestore/utils/file_utils.py" : Method "moviestore.utils.file_utils.write_customer_data()", line 19 : Message "[Errno 2] No such file or directory: '/home/quangnd/Python/python-training/moviestore/resurces/customers.json'"
2021-05-16 19:42:11,720 INFO - [PID 26292] : Thread "MainThread" : File "/home/quangnd/Python/python-training/moviestore/app/program.py" : Method "moviestore.app.program.execute()", line 31 : Message "Started Application"
2021-05-16 19:42:13,321 INFO - [PID 26292] : Thread "MainThread" : File "/home/quangnd/Python/python-training/moviestore/helpers/customer_helper.py" : Method "moviestore.helpers.customer_helper.set_customer_values()", line 13 : Message "Helper class"
2021-05-16 19:42:15,284 ERROR - [PID 26292] : Thread "MainThread" : File "/home/quangnd/Python/python-training/moviestore/utils/file_utils.py" : Method "moviestore.utils.file_utils.write_customer_data()", line 19 : Message "[Errno 2] No such file or directory: '/home/quangnd/Python/python-training/moviestore/resurces/customers.json'"
2021-05-16 20:02:44,173 INFO - [PID 28655] : Thread "MainThread" : File "/home/quangnd/Python/python-training/moviestore/app/program.py" : Method "moviestore.app.program.execute()", line 31 : Message "Started Application"
2021-05-16 20:02:48,239 INFO - [PID 28664] : Thread "MainThread" : File "/home/quangnd/Python/python-training/moviestore/app/program.py" : Method "moviestore.app.program.execute()", line 31 : Message "Started Application"
2021-05-16 20:02:50,434 INFO - [PID 28664] : Thread "MainThread" : File "/home/quangnd/Python/python-training/moviestore/helpers/customer_helper.py" : Method "moviestore.helpers.customer_helper.set_customer_values()", line 13 : Message "Helper class"
2021-05-16 20:02:52,252 ERROR - [PID 28664] : Thread "MainThread" : File "/home/quangnd/Python/python-training/moviestore/utils/file_utils.py" : Method "moviestore.utils.file_utils.write_customer_data()", line 21 : Message "[Errno 2] No such file or directory: '/home/quangnd/Python/python-training/moviestoreresources/customers.json'"
2021-05-16 20:03:06,403 INFO - [PID 28664] : Thread "MainThread" : File "/home/quangnd/Python/python-training/moviestore/app/program.py" : Method "moviestore.app.program.exit_application()", line 156 : Message "Customer exited system"
2021-05-16 20:03:06,403 INFO - [PID 28664] : Thread "MainThread" : File "/home/quangnd/Python/python-training/moviestore/app/program.py" : Method "moviestore.app.program.exit_application()", line 156 : Message "Customer exited system"
2021-05-16 20:03:23,512 INFO - [PID 28704] : Thread "MainThread" : File "/home/quangnd/Python/python-training/moviestore/app/program.py" : Method "moviestore.app.program.execute()", line 31 : Message "Started Application"
2021-05-16 20:03:25,570 INFO - [PID 28704] : Thread "MainThread" : File "/home/quangnd/Python/python-training/moviestore/helpers/customer_helper.py" : Method "moviestore.helpers.customer_helper.set_customer_values()", line 13 : Message "Helper class"
2021-05-16 20:03:26,538 ERROR - [PID 28704] : Thread "MainThread" : File "/home/quangnd/Python/python-training/moviestore/utils/file_utils.py" : Method "moviestore.utils.file_utils.write_customer_data()", line 21 : Message "[Errno 2] No such file or directory: '/home/quangnd/Python/python-training/moviestoreresources/customers.json'"
2021-05-16 20:04:16,915 INFO - [PID 28759] : Thread "MainThread" : File "/home/quangnd/Python/python-training/moviestore/app/program.py" : Method "moviestore.app.program.execute()", line 31 : Message "Started Application"
2021-05-16 20:04:23,970 INFO - [PID 28759] : Thread "MainThread" : File "/home/quangnd/Python/python-training/moviestore/helpers/customer_helper.py" : Method "moviestore.helpers.customer_helper.set_customer_values()", line 13 : Message "Helper class"
2021-05-16 20:04:32,091 INFO - [PID 28759] : Thread "MainThread" : File "/home/quangnd/Python/python-training/moviestore/app/program.py" : Method "moviestore.app.program.exit_application()", line 156 : Message "Customer exited system"
2021-05-16 20:04:32,091 INFO - [PID 28759] : Thread "MainThread" : File "/home/quangnd/Python/python-training/moviestore/app/program.py" : Method "moviestore.app.program.exit_application()", line 156 : Message "Customer exited system"
2021-05-16 21:55:12,512 INFO - [PID 5054] : Thread "MainThread" : File "/home/quangnd/Python/python-training/moviestore/app/program.py" : Method "moviestore.app.program.execute()", line 31 : Message "Started Application"
2021-05-16 22:35:26,881 INFO - [PID 6695] : Thread "MainThread" : File "/home/quangnd/Python/python-training/moviestore/app/program.py" : Method "moviestore.app.program.execute()", line 31 : Message "Started Application"
2021-05-16 22:40:06,178 INFO - [PID 6695] : Thread "MainThread" : File "/home/quangnd/Python/python-training/moviestore/app/program.py" : Method "moviestore.app.program.execute()", line 31 : Message "Started Application"
2021-05-16 22:40:06,178 INFO - [PID 6695] : Thread "MainThread" : File "/home/quangnd/Python/python-training/moviestore/app/program.py" : Method "moviestore.app.program.execute()", line 31 : Message "Started Application"
2021-05-16 23:46:06,364 INFO - [PID 11904] : Thread "MainThread" : File "/home/quangnd/Python/python-training/moviestore/app/program.py" : Method "moviestore.app.program.execute()", line 31 : Message "Started Application"
2021-05-16 23:47:41,609 INFO - [PID 11904] : Thread "MainThread" : File "/home/quangnd/Python/python-training/moviestore/app/program.py" : Method "moviestore.app.program.execute()", line 31 : Message "Started Application"
2021-05-16 23:47:41,609 INFO - [PID 11904] : Thread "MainThread" : File "/home/quangnd/Python/python-training/moviestore/app/program.py" : Method "moviestore.app.program.execute()", line 31 : Message "Started Application"
2021-05-16 23:53:43,338 INFO - [PID 11904] : Thread "MainThread" : File "/home/quangnd/Python/python-training/moviestore/app/program.py" : Method "moviestore.app.program.execute()", line 31 : Message "Started Application"
2021-05-16 23:53:43,338 INFO - [PID 11904] : Thread "MainThread" : File "/home/quangnd/Python/python-training/moviestore/app/program.py" : Method "moviestore.app.program.execute()", line 31 : Message "Started Application"
2021-05-16 23:53:43,338 INFO - [PID 11904] : Thread "MainThread" : File "/home/quangnd/Python/python-training/moviestore/app/program.py" : Method "moviestore.app.program.execute()", line 31 : Message "Started Application"
2021-05-17 03:45:37,705 INFO - [PID 2251] : Thread "MainThread" : File "/home/quangnd/Python/python-training/moviestore/app/program.py" : Method "moviestore.app.program.execute()", line 32 : Message "Started Application"
2021-05-17 03:47:42,226 INFO - [PID 2451] : Thread "MainThread" : File "/home/quangnd/Python/python-training/moviestore/app/program.py" : Method "moviestore.app.program.execute()", line 32 : Message "Started Application"
2021-05-17 03:48:51,513 INFO - [PID 2559] : Thread "MainThread" : File "/home/quangnd/Python/python-training/moviestore/app/program.py" : Method "moviestore.app.program.execute()", line 32 : Message "Started Application"
2021-05-17 03:52:19,884 INFO - [PID 2832] : Thread "MainThread" : File "/home/quangnd/Python/python-training/moviestore/app/program.py" : Method "moviestore.app.program.execute()", line 32 : Message "Started Application"
2021-05-17 03:57:07,887 INFO - [PID 3066] : Thread "MainThread" : File "/home/quangnd/Python/python-training/moviestore/app/program.py" : Method "moviestore.app.program.execute()", line 32 : Message "Started Application"
2021-05-17 03:57:56,105 INFO - [PID 3130] : Thread "MainThread" : File "/home/quangnd/Python/python-training/moviestore/app/program.py" : Method "moviestore.app.program.execute()", line 32 : Message "Started Application"
2021-05-17 03:59:27,284 INFO - [PID 3242] : Thread "MainThread" : File "/home/quangnd/Python/python-training/moviestore/app/program.py" : Method "moviestore.app.program.execute()", line 32 : Message "Started Application"
2021-05-17 04:02:22,277 INFO - [PID 3357] : Thread "MainThread" : File "/home/quangnd/Python/python-training/moviestore/app/program.py" : Method "moviestore.app.program.execute()", line 32 : Message "Started Application"
2021-05-17 04:04:42,350 INFO - [PID 3600] : Thread "MainThread" : File "/home/quangnd/Python/python-training/moviestore/app/program.py" : Method "moviestore.app.program.execute()", line 32 : Message "Started Application"
2021-05-17 04:05:04,914 INFO - [PID 3642] : Thread "MainThread" : File "/home/quangnd/Python/python-training/moviestore/app/program.py" : Method "moviestore.app.program.execute()", line 32 : Message "Started Application"
2021-05-17 04:05:47,249 INFO - [PID 3722] : Thread "MainThread" : File "/home/quangnd/Python/python-training/moviestore/app/program.py" : Method "moviestore.app.program.execute()", line 32 : Message "Started Application"
2021-05-17 04:06:52,971 INFO - [PID 3800] : Thread "MainThread" : File "/home/quangnd/Python/python-training/moviestore/app/program.py" : Method "moviestore.app.program.execute()", line 32 : Message "Started Application"
2021-05-17 04:07:34,867 INFO - [PID 3872] : Thread "MainThread" : File "/home/quangnd/Python/python-training/moviestore/app/program.py" : Method "moviestore.app.program.execute()", line 32 : Message "Started Application"
2021-05-17 04:09:42,095 INFO - [PID 4036] : Thread "MainThread" : File "/home/quangnd/Python/python-training/moviestore/app/program.py" : Method "moviestore.app.program.execute()", line 32 : Message "Started Application"
2021-05-17 04:11:10,064 INFO - [PID 4102] : Thread "MainThread" : File "/home/quangnd/Python/python-training/moviestore/app/program.py" : Method "moviestore.app.program.execute()", line 32 : Message "Started Application"
2021-05-17 04:11:43,259 INFO - [PID 4152] : Thread "MainThread" : File "/home/quangnd/Python/python-training/moviestore/app/program.py" : Method "moviestore.app.program.execute()", line 32 : Message "Started Application"
2021-05-17 04:12:34,664 INFO - [PID 4199] : Thread "MainThread" : File "/home/quangnd/Python/python-training/moviestore/app/program.py" : Method "moviestore.app.program.execute()", line 32 : Message "Started Application"
2021-05-17 04:14:48,356 INFO - [PID 4333] : Thread "MainThread" : File "/home/quangnd/Python/python-training/moviestore/app/program.py" : Method "moviestore.app.program.execute()", line 32 : Message "Started Application"
2021-05-17 04:19:37,347 INFO - [PID 4546] : Thread "MainThread" : File "/home/quangnd/Python/python-training/moviestore/app/program.py" : Method "moviestore.app.program.execute()", line 32 : Message "Started Application"
2021-05-17 04:20:42,327 INFO - [PID 4651] : Thread "MainThread" : File "/home/quangnd/Python/python-training/moviestore/app/program.py" : Method "moviestore.app.program.execute()", line 32 : Message "Started Application"
2021-05-17 04:22:05,604 INFO - [PID 4735] : Thread "MainThread" : File "/home/quangnd/Python/python-training/moviestore/app/program.py" : Method "moviestore.app.program.execute()", line 32 : Message "Started Application"
2021-05-17 04:23:50,856 INFO - [PID 4776] : Thread "MainThread" : File "/home/quangnd/Python/python-training/moviestore/app/program.py" : Method "moviestore.app.program.execute()", line 32 : Message "Started Application"
2021-05-17 04:24:03,590 INFO - [PID 4809] : Thread "MainThread" : File "/home/quangnd/Python/python-training/moviestore/app/program.py" : Method "moviestore.app.program.execute()", line 32 : Message "Started Application"
2021-05-17 04:24:19,026 INFO - [PID 4842] : Thread "MainThread" : File "/home/quangnd/Python/python-training/moviestore/app/program.py" : Method "moviestore.app.program.execute()", line 32 : Message "Started Application"
2021-05-17 04:25:09,187 INFO - [PID 4927] : Thread "MainThread" : File "/home/quangnd/Python/python-training/moviestore/app/program.py" : Method "moviestore.app.program.execute()", line 32 : Message "Started Application"
2021-05-17 04:27:50,524 INFO - [PID 5042] : Thread "MainThread" : File "/home/quangnd/Python/python-training/moviestore/app/program.py" : Method "moviestore.app.program.execute()", line 32 : Message "Started Application"
2021-05-17 04:29:37,893 INFO - [PID 5168] : Thread "MainThread" : File "/home/quangnd/Python/python-training/moviestore/app/program.py" : Method "moviestore.app.program.execute()", line 32 : Message "Started Application"
2021-05-17 04:30:58,584 INFO - [PID 5261] : Thread "MainThread" : File "/home/quangnd/Python/python-training/moviestore/app/program.py" : Method "moviestore.app.program.execute()", line 32 : Message "Started Application"
2021-05-17 04:31:10,108 INFO - [PID 5292] : Thread "MainThread" : File "/home/quangnd/Python/python-training/moviestore/app/program.py" : Method "moviestore.app.program.execute()", line 32 : Message "Started Application"
2021-05-17 04:38:42,123 INFO - [PID 5543] : Thread "MainThread" : File "/home/quangnd/Python/python-training/moviestore/app/program.py" : Method "moviestore.app.program.execute()", line 32 : Message "Started Application"
2021-05-17 04:39:22,469 INFO - [PID 5631] : Thread "MainThread" : File "/home/quangnd/Python/python-training/moviestore/app/program.py" : Method "moviestore.app.program.execute()", line 32 : Message "Started Application"
2021-05-17 04:42:42,188 INFO - [PID 5980] : Thread "MainThread" : File "/home/quangnd/Python/python-training/moviestore/app/program.py" : Method "moviestore.app.program.execute()", line 32 : Message "Started Application"
2021-05-17 04:42:43,437 ERROR - [PID 5980] : Thread "MainThread" : File "/home/quangnd/Python/python-training/moviestore/utils/file_utils.py" : Method "moviestore.utils.file_utils.read_order_movies_data()", line 155 : Message "dictionary changed size during iteration"
2021-05-17 04:44:14,796 INFO - [PID 6038] : Thread "MainThread" : File "/home/quangnd/Python/python-training/moviestore/app/program.py" : Method "moviestore.app.program.execute()", line 32 : Message "Started Application"
2021-05-17 04:44:15,919 ERROR - [PID 6038] : Thread "MainThread" : File "/home/quangnd/Python/python-training/moviestore/utils/file_utils.py" : Method "moviestore.utils.file_utils.read_order_movies_data()", line 155 : Message "dictionary changed size during iteration"
2021-05-17 04:45:37,148 INFO - [PID 6171] : Thread "MainThread" : File "/home/quangnd/Python/python-training/moviestore/app/program.py" : Method "moviestore.app.program.execute()", line 32 : Message "Started Application"
2021-05-17 04:45:39,135 ERROR - [PID 6171] : Thread "MainThread" : File "/home/quangnd/Python/python-training/moviestore/utils/file_utils.py" : Method "moviestore.utils.file_utils.read_order_movies_data()", line 156 : Message "dictionary changed size during iteration"
2021-05-17 04:46:11,277 INFO - [PID 6228] : Thread "MainThread" : File "/home/quangnd/Python/python-training/moviestore/app/program.py" : Method "moviestore.app.program.execute()", line 32 : Message "Started Application"
2021-05-17 04:46:12,423 ERROR - [PID 6228] : Thread "MainThread" : File "/home/quangnd/Python/python-training/moviestore/utils/file_utils.py" : Method "moviestore.utils.file_utils.read_order_movies_data()", line 156 : Message "dictionary changed size during iteration"
2021-05-17 04:47:20,576 INFO - [PID 6276] : Thread "MainThread" : File "/home/quangnd/Python/python-training/moviestore/app/program.py" : Method "moviestore.app.program.execute()", line 32 : Message "Started Application"
2021-05-17 04:47:22,672 ERROR - [PID 6276] : Thread "MainThread" : File "/home/quangnd/Python/python-training/moviestore/utils/file_utils.py" : Method "moviestore.utils.file_utils.read_order_movies_data()", line 156 : Message "dictionary changed size during iteration"
2021-05-17 04:48:16,404 INFO - [PID 6347] : Thread "MainThread" : File "/home/quangnd/Python/python-training/moviestore/app/program.py" : Method "moviestore.app.program.execute()", line 32 : Message "Started Application"
2021-05-17 04:48:18,631 ERROR - [PID 6347] : Thread "MainThread" : File "/home/quangnd/Python/python-training/moviestore/utils/file_utils.py" : Method "moviestore.utils.file_utils.read_order_movies_data()", line 157 : Message "dictionary changed size during iteration"
2021-05-17 04:52:30,064 INFO - [PID 6510] : Thread "MainThread" : File "/home/quangnd/Python/python-training/moviestore/app/program.py" : Method "moviestore.app.program.execute()", line 32 : Message "Started Application"
2021-05-17 04:52:30,592 ERROR - [PID 6510] : Thread "MainThread" : File "/home/quangnd/Python/python-training/moviestore/utils/file_utils.py" : Method "moviestore.utils.file_utils.read_order_movies_data()", line 158 : Message "dictionary changed size during iteration"
2021-05-17 04:56:23,788 INFO - [PID 6707] : Thread "MainThread" : File "/home/quangnd/Python/python-training/moviestore/app/program.py" : Method "moviestore.app.program.execute()", line 32 : Message "Started Application"
2021-05-17 04:56:24,784 ERROR - [PID 6707] : Thread "MainThread" : File "/home/quangnd/Python/python-training/moviestore/utils/file_utils.py" : Method "moviestore.utils.file_utils.read_order_movies_data()", line 159 : Message "dictionary changed size during iteration"
2021-05-17 04:59:32,612 INFO - [PID 6836] : Thread "MainThread" : File "/home/quangnd/Python/python-training/moviestore/app/program.py" : Method "moviestore.app.program.execute()", line 32 : Message "Started Application"
2021-05-17 04:59:34,423 ERROR - [PID 6836] : Thread "MainThread" : File "/home/quangnd/Python/python-training/moviestore/utils/file_utils.py" : Method "moviestore.utils.file_utils.read_order_movies_data()", line 159 : Message "dictionary changed size during iteration"
2021-05-17 05:01:39,763 INFO - [PID 6916] : Thread "MainThread" : File "/home/quangnd/Python/python-training/moviestore/app/program.py" : Method "moviestore.app.program.execute()", line 32 : Message "Started Application"
2021-05-17 05:01:41,574 ERROR - [PID 6916] : Thread "MainThread" : File "/home/quangnd/Python/python-training/moviestore/utils/file_utils.py" : Method "moviestore.utils.file_utils.read_order_movies_data()", line 160 : Message "dictionary changed size during iteration"
2021-05-17 05:02:56,120 INFO - [PID 6982] : Thread "MainThread" : File "/home/quangnd/Python/python-training/moviestore/app/program.py" : Method "moviestore.app.program.execute()", line 32 : Message "Started Application"
2021-05-17 05:02:58,062 ERROR - [PID 6982] : Thread "MainThread" : File "/home/quangnd/Python/python-training/moviestore/utils/file_utils.py" : Method "moviestore.utils.file_utils.read_order_movies_data()", line 161 : Message "dictionary changed size during iteration"
2021-05-17 05:03:25,134 INFO - [PID 7018] : Thread "MainThread" : File "/home/quangnd/Python/python-training/moviestore/app/program.py" : Method "moviestore.app.program.execute()", line 32 : Message "Started Application"
2021-05-17 05:03:27,909 ERROR - [PID 7018] : Thread "MainThread" : File "/home/quangnd/Python/python-training/moviestore/utils/file_utils.py" : Method "moviestore.utils.file_utils.read_order_movies_data()", line 162 : Message "dictionary changed size during iteration"
2021-05-17 05:05:08,089 INFO - [PID 7138] : Thread "MainThread" : File "/home/quangnd/Python/python-training/moviestore/app/program.py" : Method "moviestore.app.program.execute()", line 32 : Message "Started Application"
2021-05-17 05:05:09,381 ERROR - [PID 7138] : Thread "MainThread" : File "/home/quangnd/Python/python-training/moviestore/utils/file_utils.py" : Method "moviestore.utils.file_utils.read_order_movies_data()", line 164 : Message "dictionary changed size during iteration"
2021-05-17 05:07:16,353 INFO - [PID 7217] : Thread "MainThread" : File "/home/quangnd/Python/python-training/moviestore/app/program.py" : Method "moviestore.app.program.execute()", line 32 : Message "Started Application"
2021-05-17 05:07:17,957 ERROR - [PID 7217] : Thread "MainThread" : File "/home/quangnd/Python/python-training/moviestore/utils/file_utils.py" : Method "moviestore.utils.file_utils.read_order_movies_data()", line 165 : Message "dictionary changed size during iteration"
2021-05-17 05:08:46,584 INFO - [PID 7378] : Thread "MainThread" : File "/home/quangnd/Python/python-training/moviestore/app/program.py" : Method "moviestore.app.program.execute()", line 32 : Message "Started Application"
2021-05-17 05:09:37,525 INFO - [PID 7480] : Thread "MainThread" : File "/home/quangnd/Python/python-training/moviestore/app/program.py" : Method "moviestore.app.program.execute()", line 32 : Message "Started Application"
2021-05-17 05:10:11,798 INFO - [PID 7555] : Thread "MainThread" : File "/home/quangnd/Python/python-training/moviestore/app/program.py" : Method "moviestore.app.program.execute()", line 32 : Message "Started Application"
2021-05-17 05:11:00,171 INFO - [PID 7611] : Thread "MainThread" : File "/home/quangnd/Python/python-training/moviestore/app/program.py" : Method "moviestore.app.program.execute()", line 32 : Message "Started Application"
2021-05-17 05:11:47,417 INFO - [PID 7657] : Thread "MainThread" : File "/home/quangnd/Python/python-training/moviestore/app/program.py" : Method "moviestore.app.program.execute()", line 32 : Message "Started Application"
2021-05-17 05:14:42,264 INFO - [PID 8084] : Thread "MainThread" : File "/home/quangnd/Python/python-training/moviestore/app/program.py" : Method "moviestore.app.program.execute()", line 32 : Message "Started Application"
2021-05-17 05:15:51,392 INFO - [PID 8142] : Thread "MainThread" : File "/home/quangnd/Python/python-training/moviestore/app/program.py" : Method "moviestore.app.program.execute()", line 32 : Message "Started Application"
2021-05-17 05:16:12,936 INFO - [PID 8192] : Thread "MainThread" : File "/home/quangnd/Python/python-training/moviestore/app/program.py" : Method "moviestore.app.program.execute()", line 32 : Message "Started Application"
2021-05-17 05:18:34,045 INFO - [PID 8398] : Thread "MainThread" : File "/home/quangnd/Python/python-training/moviestore/app/program.py" : Method "moviestore.app.program.execute()", line 32 : Message "Started Application"
