05-15-2021 09:23:28 AM __main__ INFO : Started Application
05-15-2021 09:26:07 AM __main__ INFO : Started Application
05-15-2021 09:26:17 AM helpers.customer_helper INFO : Helper class
2021-05-15 09:29:12,162 __main__ INFO : Started Application
2021-05-15 09:33:26,579 config INFO : Started Application
2021-05-15 09:33:28,302 config INFO : Helper class
2021-05-15 09:34:14,750 __name__ INFO : Started Application
2021-05-15 09:34:36,000 __name__ INFO : Started Application
2021-05-15 09:34:38,285 __name__ INFO : Helper class
2021-05-15 09:35:01,371 __main__ INFO : Started Application
2021-05-15 09:35:02,533 helpers.customer_helper INFO : Helper class
2021-05-15 09:49:03,667 __main__ INFO : Started Application
2021-05-15 09:49:05,292 helpers.customer_helper INFO : Helper class
2021-05-15 09:49:09,349 utils.file_utils ERROR : [Errno 2] No such file or directory: '/home/quangnd/Python/python-training/resoures/customers.json'
2021-05-15 09:53:27,263 __main__ INFO : Started Application
2021-05-15 09:53:28,452 helpers.customer_helper INFO : Helper class
2021-05-15 09:53:29,837 utils.file_utils ERROR : [Errno 2] No such file or directory: '/home/quangnd/Python/python-training/resoures/customers.json'
2021-05-15 09:59:24,193 __main__ INFO : Started Application
2021-05-15 10:01:01,031 __main__ INFO : Started Application
2021-05-15 10:01:06,478 utils.file_utils ERROR : Expecting value: line 1 column 1 (char 0)
2021-05-15 10:02:58,335 __main__ INFO : Started Application
2021-05-15 10:03:01,265 utils.file_utils ERROR : Expecting value: line 1 column 1 (char 0)
2021-05-15 10:04:11,048 __main__ INFO : Started Application
2021-05-15 10:04:13,526 utils.file_utils ERROR : Expecting value: line 1 column 1 (char 0)
2021-05-15 10:05:13,684 __main__ INFO : Started Application
2021-05-15 10:05:16,285 utils.file_utils ERROR : 'dict' object has no attribute 'append'
2021-05-15 10:06:03,511 __main__ INFO : Started Application
2021-05-15 10:06:06,726 utils.file_utils ERROR : 'dict' object has no attribute 'append'
2021-05-15 10:08:05,521 __main__ INFO : Started Application
2021-05-15 10:09:02,782 __main__ INFO : Started Application
2021-05-15 10:10:13,032 __main__ INFO : Started Application
2021-05-15 10:11:28,295 __main__ INFO : Started Application
2021-05-15 10:15:45,099 __main__ INFO : Started Application
2021-05-15 10:44:38,638 __main__ INFO : Started Application
2021-05-15 10:44:56,880 __main__ INFO : Started Application
2021-05-15 11:08:57,148 __main__ INFO : Started Application
2021-05-15 11:09:39,214 __main__ INFO : Started Application
2021-05-15 11:10:14,823 __main__ INFO : Started Application
2021-05-15 11:12:58,260 __main__ INFO : Started Application
2021-05-15 11:14:12,614 __main__ INFO : Started Application
2021-05-15 11:15:23,048 __main__ INFO : Started Application
2021-05-15 11:18:11,398 __main__ INFO : Started Application
2021-05-15 11:20:02,787 __main__ INFO : Started Application
2021-05-15 11:20:24,839 __main__ INFO : Started Application
2021-05-15 11:21:16,206 __main__ INFO : Started Application
2021-05-15 11:22:05,024 __main__ INFO : Started Application
2021-05-15 11:23:01,133 __main__ INFO : Started Application
2021-05-15 11:23:37,481 __main__ INFO : Started Application
2021-05-15 11:24:45,183 __main__ INFO : Started Application
2021-05-15 11:25:41,038 __main__ INFO : Started Application
2021-05-15 11:26:07,839 __main__ INFO : Started Application
2021-05-15 11:30:46,911 __main__ INFO : Started Application
2021-05-15 11:32:05,925 __main__ INFO : Started Application
2021-05-15 11:32:53,074 __main__ INFO : Started Application
2021-05-15 11:33:29,172 __main__ INFO : Started Application
2021-05-15 11:34:33,661 __main__ INFO : Started Application
2021-05-15 11:35:23,094 __main__ INFO : Started Application
2021-05-15 11:35:57,489 __main__ INFO : Started Application
2021-05-15 11:36:21,962 __main__ INFO : Started Application
2021-05-15 11:36:46,946 __main__ INFO : Started Application
2021-05-15 11:38:05,431 __main__ INFO : Started Application
2021-05-15 11:41:40,533 __main__ INFO : Started Application
2021-05-15 11:42:29,663 __main__ INFO : Started Application
2021-05-15 11:43:40,334 __main__ INFO : Started Application
2021-05-15 11:46:31,723 __main__ INFO : Started Application
2021-05-15 11:51:07,356 __main__ INFO : Started Application
2021-05-15 11:56:05,276 __main__ INFO : Started Application
2021-05-15 11:56:38,480 __main__ INFO : Started Application
2021-05-15 11:57:05,486 __main__ INFO : Started Application
2021-05-15 11:57:21,403 __main__ INFO : Started Application
2021-05-15 11:58:21,405 __main__ INFO : Started Application
2021-05-15 12:47:53,480 __main__ INFO : Started Application
2021-05-15 12:48:12,746 __main__ INFO : Started Application
2021-05-15 12:49:34,741 __main__ INFO : Started Application
2021-05-15 12:50:01,720 __main__ INFO : Started Application
2021-05-15 12:50:55,757 __main__ INFO : Started Application
2021-05-15 12:51:29,954 __main__ INFO : Started Application
2021-05-15 12:51:53,039 __main__ INFO : Started Application
2021-05-15 12:52:09,630 __main__ INFO : Started Application
2021-05-15 12:52:21,553 __main__ INFO : Started Application
2021-05-15 12:52:43,442 __main__ INFO : Started Application
2021-05-15 12:53:39,624 __main__ INFO : Started Application
2021-05-15 12:55:27,585 __main__ INFO : Started Application
2021-05-15 12:56:49,233 __main__ INFO : Started Application
2021-05-15 12:57:21,070 __main__ INFO : Started Application
2021-05-15 12:57:50,374 __main__ INFO : Started Application
2021-05-15 12:58:20,584 __main__ INFO : Started Application
2021-05-15 13:06:37,389 __main__ INFO : Started Application
2021-05-15 13:07:05,835 __main__ INFO : Started Application
2021-05-15 13:08:47,779 __main__ INFO : Started Application
2021-05-15 13:09:02,250 __main__ INFO : Started Application
2021-05-15 13:13:15,755 __main__ INFO : Started Application
2021-05-15 13:13:49,171 __main__ INFO : Started Application
2021-05-15 13:14:15,309 __main__ INFO : Started Application
2021-05-15 13:14:33,304 __main__ INFO : Started Application
2021-05-15 13:15:55,154 __main__ INFO : Started Application
2021-05-15 13:16:54,005 __main__ INFO : Started Application
2021-05-15 13:17:50,328 __main__ INFO : Started Application
2021-05-15 13:18:04,092 __main__ INFO : Started Application
2021-05-15 13:19:27,478 __main__ INFO : Started Application
2021-05-15 13:20:25,306 __main__ INFO : Started Application
2021-05-15 13:28:56,169 __main__ INFO : Started Application
2021-05-15 13:31:07,215 __main__ INFO : Started Application
2021-05-15 13:32:23,359 __main__ INFO : Started Application
2021-05-15 13:32:47,636 __main__ INFO : Started Application
2021-05-15 13:33:37,545 __main__ INFO : Started Application
2021-05-15 13:35:43,736 __main__ INFO : Started Application
2021-05-15 13:36:08,145 __main__ INFO : Started Application
2021-05-15 13:36:32,189 __main__ INFO : Started Application
2021-05-15 13:36:50,904 __main__ INFO : Started Application
2021-05-15 13:37:38,390 __main__ INFO : Started Application
2021-05-15 13:38:04,832 __main__ INFO : Started Application
2021-05-15 13:43:58,525 __main__ INFO : Started Application
2021-05-15 13:45:47,082 __main__ INFO : Started Application
2021-05-15 13:55:21,748 __main__ INFO : Started Application
2021-05-15 13:55:40,867 __main__ INFO : Started Application
2021-05-15 14:15:18,782 __main__ INFO : Started Application
2021-05-15 14:17:04,075 __main__ INFO : Started Application
2021-05-15 14:17:28,672 __main__ INFO : Started Application
2021-05-15 14:18:17,552 __main__ INFO : Started Application
2021-05-15 14:29:07,130 __main__ INFO : Started Application
2021-05-15 14:30:45,683 __main__ INFO : Started Application
2021-05-15 14:57:30,034 __main__ INFO : Started Application
2021-05-15 14:59:01,470 __main__ INFO : Started Application
2021-05-15 14:59:47,286 __main__ INFO : Started Application
2021-05-15 15:01:02,496 __main__ INFO : Started Application
2021-05-15 15:02:21,713 __main__ INFO : Started Application
2021-05-15 15:03:01,782 __main__ INFO : Started Application
2021-05-15 15:06:00,457 __main__ INFO : Started Application
2021-05-15 15:06:45,097 __main__ INFO : Started Application
2021-05-15 15:07:46,467 __main__ INFO : Started Application
2021-05-15 15:09:00,174 __main__ INFO : Started Application
2021-05-15 15:09:46,533 __main__ INFO : Started Application
2021-05-15 15:14:40,611 __main__ INFO : Started Application
2021-05-15 15:16:26,700 __main__ INFO : Started Application
2021-05-15 15:18:12,509 __main__ INFO : Started Application
2021-05-15 15:18:37,901 __main__ INFO : Started Application
2021-05-15 15:19:21,670 __main__ INFO : Started Application
2021-05-15 15:20:42,670 __main__ INFO : Started Application
2021-05-15 15:20:53,581 __main__ INFO : Started Application
2021-05-15 15:22:31,279 __main__ INFO : Started Application
2021-05-15 15:23:04,180 __main__ INFO : Started Application
2021-05-15 15:23:15,348 __main__ INFO : Started Application
2021-05-15 15:23:33,532 __main__ INFO : Started Application
2021-05-15 15:24:16,955 __main__ INFO : Started Application
2021-05-15 15:24:52,784 __main__ INFO : Started Application
2021-05-15 15:24:54,662 __main__ ERROR : Option test can not resolved
2021-05-15 15:25:07,747 __main__ INFO : Started Application
2021-05-15 15:32:41,458 __main__ INFO : Started Application
2021-05-15 15:34:00,619 __main__ INFO : Started Application
2021-05-15 15:34:40,499 __main__ INFO : Started Application
2021-05-15 15:34:50,024 __main__ INFO : Started Application
2021-05-15 15:35:13,827 __main__ INFO : Started Application
2021-05-15 15:40:46,152 __main__ INFO : Started Application
2021-05-15 15:44:40,391 __main__ INFO : Started Application
2021-05-15 15:45:10,630 __main__ INFO : Started Application
2021-05-15 15:45:38,286 __main__ INFO : Started Application
2021-05-15 15:59:30,848 __main__ INFO : Started Application
2021-05-15 16:42:20,131 __main__ INFO : Started Application
2021-05-15 17:18:32,756 __main__ INFO : Started Application
2021-05-15 17:19:07,618 __main__ INFO : Started Application
2021-05-15 18:08:23,867 __main__ INFO : Started Application
2021-05-15 18:09:51,542 __main__ INFO : Started Application
2021-05-15 18:11:04,245 __main__ INFO : Started Application
2021-05-15 18:12:29,281 __main__ INFO : Started Application
2021-05-15 18:13:04,417 __main__ INFO : Started Application
2021-05-15 18:15:22,385 __main__ INFO : Started Application
2021-05-15 18:15:39,377 __main__ INFO : Started Application
2021-05-15 18:16:15,825 __main__ INFO : Started Application
2021-05-15 18:16:36,497 __main__ INFO : Started Application
2021-05-15 18:16:57,996 __main__ INFO : Started Application
2021-05-15 18:17:36,344 __main__ INFO : Started Application
2021-05-15 18:24:59,255 __main__ INFO : Started Application
2021-05-15 18:25:03,513 helpers.customer_helper INFO : Helper class
2021-05-15 18:25:07,022 utils.file_utils ERROR : [Errno 2] No such file or directory: '/home/quangnd/Python/python-training/resorces/customers.json'
2021-05-15 18:26:07,739 __main__ INFO : Started Application
2021-05-15 18:26:10,277 helpers.customer_helper INFO : Helper class
2021-05-15 18:26:11,962 utils.file_utils ERROR : [Errno 2] No such file or directory: '/home/quangnd/Python/python-training/resorces/customers.json'
2021-05-15 18:26:11,962 __main__ INFO : Finished Application
2021-05-15 18:50:07,381 __main__ INFO : Started Application
2021-05-15 18:50:20,648 __main__ INFO : Finished Application
2021-05-15 19:24:42,269 __main__ INFO : Started Application
2021-05-15 19:24:45,555 helpers.customer_helper INFO : Helper class
2021-05-15 19:25:12,954 __main__ INFO : Started Application
2021-05-15 19:25:40,033 __main__ INFO : Finished Application
2021-05-15 19:25:40,034 __main__ INFO : Finished Application
2021-05-15 19:26:49,630 __main__ INFO : Started Application
2021-05-15 19:26:53,308 helpers.customer_helper INFO : Helper class
2021-05-15 19:27:08,123 __main__ INFO : Finished Application
2021-05-15 19:27:10,826 __main__ INFO : Started Application
2021-05-15 19:27:13,116 helpers.customer_helper INFO : Helper class
2021-05-15 19:27:31,051 __main__ INFO : Finished Application
2021-05-15 19:27:33,640 __main__ INFO : Started Application
2021-05-15 19:27:37,472 __main__ INFO : Finished Application
2021-05-15 19:27:41,763 __main__ INFO : Started Application
2021-05-15 19:29:23,890 __main__ INFO : Started Application
2021-05-15 19:29:30,977 __main__ INFO : Finished Application
2021-05-15 19:29:49,861 __main__ INFO : Started Application
2021-05-15 19:29:51,720 helpers.customer_helper INFO : Helper class
2021-05-15 19:29:57,989 __main__ INFO : Started Application
2021-05-15 19:30:04,273 __main__ INFO : Finished Application
2021-05-15 19:39:20,223 __main__ INFO : Started Application
2021-05-15 19:39:41,081 __main__ INFO : Started Application
2021-05-15 19:39:46,224 __main__ INFO : Finished Application
2021-05-15 19:39:46,224 __main__ INFO : Finished Application
2021-05-15 21:43:51,253 __main__ INFO : Started Application
2021-05-15 21:43:56,213 __main__ INFO : Finished Application
2021-05-15 22:04:54,223 __main__ INFO : Started Application
2021-05-15 22:04:58,075 __main__ INFO : Finished Application
2021-05-15 22:05:58,155 __main__ INFO : Started Application
2021-05-15 22:06:01,322 __main__ INFO : Finished Application
2021-05-15 22:06:26,112 __main__ INFO : Started Application
2021-05-15 22:06:28,394 __main__ INFO : Finished Application
2021-05-15 22:11:05,827 __main__ INFO : Started Application
2021-05-15 22:11:08,353 __main__ INFO : Finished Application
2021-05-15 22:12:08,329 __main__ INFO : Started Application
2021-05-15 22:12:11,401 __main__ INFO : Finished Application
2021-05-15 22:12:39,767 __main__ INFO : Started Application
2021-05-15 22:12:42,744 __main__ INFO : Finished Application
2021-05-15 22:13:04,704 __main__ INFO : Started Application
2021-05-15 22:13:07,201 __main__ INFO : Finished Application
2021-05-15 22:13:46,258 __main__ INFO : Started Application
2021-05-15 22:13:48,791 __main__ INFO : Finished Application
2021-05-15 22:19:56,820 __main__ INFO : Started Application
2021-05-15 22:19:59,174 __main__ INFO : Finished Application
2021-05-15 22:20:39,851 __main__ INFO : Started Application
2021-05-15 22:20:42,024 __main__ INFO : Finished Application
2021-05-15 22:21:03,088 __main__ INFO : Started Application
2021-05-15 22:21:05,400 __main__ INFO : Finished Application
2021-05-15 22:21:12,874 __main__ INFO : Started Application
2021-05-15 22:21:17,153 __main__ INFO : Finished Application
2021-05-15 22:22:43,689 __main__ INFO : Started Application
2021-05-15 22:22:49,872 __main__ INFO : Finished Application
2021-05-15 22:24:15,177 __main__ INFO : Started Application
2021-05-15 22:24:18,136 __main__ INFO : Finished Application
2021-05-15 22:24:55,842 __main__ INFO : Started Application
2021-05-15 22:24:58,176 __main__ INFO : Finished Application
2021-05-15 22:27:30,713 __main__ INFO : Started Application
2021-05-15 22:27:33,528 __main__ INFO : Finished Application
2021-05-15 22:29:12,512 __main__ INFO : Started Application
2021-05-15 22:29:18,202 __main__ INFO : Finished Application
2021-05-15 22:29:39,544 __main__ INFO : Started Application
2021-05-15 22:29:50,545 __main__ INFO : Finished Application
2021-05-15 22:30:48,699 __main__ INFO : Started Application
2021-05-15 22:30:51,433 __main__ INFO : Finished Application
2021-05-15 22:31:10,764 __main__ INFO : Started Application
2021-05-15 22:31:15,743 __main__ INFO : Finished Application
2021-05-15 22:32:49,455 __main__ INFO : Started Application
2021-05-15 22:32:51,840 __main__ INFO : Finished Application
2021-05-15 22:33:33,005 __main__ INFO : Started Application
2021-05-15 22:33:35,056 __main__ INFO : Finished Application
2021-05-15 22:34:02,795 __main__ INFO : Started Application
2021-05-15 22:34:05,007 __main__ INFO : Finished Application
2021-05-15 22:34:15,402 __main__ INFO : Started Application
2021-05-15 22:34:18,144 __main__ INFO : Finished Application
2021-05-15 22:34:37,805 __main__ INFO : Started Application
2021-05-15 22:34:39,664 __main__ INFO : Finished Application
2021-05-15 22:35:04,495 __main__ INFO : Started Application
2021-05-15 22:35:07,145 __main__ INFO : Finished Application
2021-05-15 22:36:50,759 __main__ INFO : Started Application
2021-05-15 22:36:54,408 __main__ INFO : Finished Application
2021-05-15 22:37:19,333 __main__ INFO : Started Application
2021-05-15 22:37:22,577 __main__ INFO : Finished Application
2021-05-15 22:39:16,027 __main__ INFO : Started Application
2021-05-15 22:39:19,565 __main__ INFO : Finished Application
2021-05-15 23:34:29,097 __main__ INFO : Started Application
2021-05-15 23:35:29,737 __main__ INFO : Started Application
2021-05-15 23:36:57,097 __main__ INFO : Finished Application
2021-05-15 23:36:57,097 __main__ INFO : Finished Application
2021-05-15 23:44:53,207 __main__ INFO : Started Application
2021-05-15 23:46:09,095 __main__ INFO : Started Application
2021-05-15 23:47:39,879 __main__ INFO : Finished Application
2021-05-15 23:48:40,396 __main__ INFO : Started Application
2021-05-15 23:49:25,266 __main__ INFO : Started Application
2021-05-15 23:49:41,385 __main__ INFO : Finished Application
2021-05-15 23:55:25,760 __main__ INFO : Started Application
2021-05-15 23:55:47,465 __main__ INFO : Started Application
2021-05-15 23:57:26,360 __main__ INFO : Started Application
2021-05-15 23:57:43,819 __main__ INFO : Started Application
2021-05-16 00:00:09,871 __main__ INFO : Started Application
2021-05-16 00:01:59,817 __main__ INFO : Started Application
2021-05-16 00:02:31,784 __main__ INFO : Started Application
2021-05-16 00:09:55,062 __main__ INFO : Started Application
2021-05-16 00:10:02,958 __main__ INFO : Customer exited system
